INFO:     Will watch for changes in these directories: ['/Users/lionelyu/Documents/New Version/trading-5']
INFO:     Uvicorn running on http://127.0.0.1:8000 (Press CTRL+C to quit)
INFO:     Started reloader process [52218] using WatchFiles
Process SpawnProcess-1:
Traceback (most recent call last):
  File "/opt/homebrew/Cellar/python@3.12/3.12.6/Frameworks/Python.framework/Versions/3.12/lib/python3.12/multiprocessing/process.py", line 314, in _bootstrap
    self.run()
  File "/opt/homebrew/Cellar/python@3.12/3.12.6/Frameworks/Python.framework/Versions/3.12/lib/python3.12/multiprocessing/process.py", line 108, in run
    self._target(*self._args, **self._kwargs)
  File "/Users/lionelyu/Documents/New Version/trading-5/.venv/lib/python3.12/site-packages/uvicorn/_subprocess.py", line 80, in subprocess_started
    target(sockets=sockets)
  File "/Users/lionelyu/Documents/New Version/trading-5/.venv/lib/python3.12/site-packages/uvicorn/server.py", line 75, in run
    return asyncio_run(self.serve(sockets=sockets), loop_factory=self.config.get_loop_factory())
           ^^^^^^^^^^^^^^^^^^^^^^^^^^^^^^^^^^^^^^^^^^^^^^^^^^^^^^^^^^^^^^^^^^^^^^^^^^^^^^^^^^^^^
  File "/opt/homebrew/Cellar/python@3.12/3.12.6/Frameworks/Python.framework/Versions/3.12/lib/python3.12/asyncio/runners.py", line 194, in run
    return runner.run(main)
           ^^^^^^^^^^^^^^^^
  File "/opt/homebrew/Cellar/python@3.12/3.12.6/Frameworks/Python.framework/Versions/3.12/lib/python3.12/asyncio/runners.py", line 118, in run
    return self._loop.run_until_complete(task)
           ^^^^^^^^^^^^^^^^^^^^^^^^^^^^^^^^^^^
  File "uvloop/loop.pyx", line 1518, in uvloop.loop.Loop.run_until_complete
  File "/Users/lionelyu/Documents/New Version/trading-5/.venv/lib/python3.12/site-packages/uvicorn/server.py", line 79, in serve
    await self._serve(sockets)
  File "/Users/lionelyu/Documents/New Version/trading-5/.venv/lib/python3.12/site-packages/uvicorn/server.py", line 86, in _serve
    config.load()
  File "/Users/lionelyu/Documents/New Version/trading-5/.venv/lib/python3.12/site-packages/uvicorn/config.py", line 441, in load
    self.loaded_app = import_from_string(self.app)
                      ^^^^^^^^^^^^^^^^^^^^^^^^^^^^
  File "/Users/lionelyu/Documents/New Version/trading-5/.venv/lib/python3.12/site-packages/uvicorn/importer.py", line 19, in import_from_string
    module = importlib.import_module(module_str)
             ^^^^^^^^^^^^^^^^^^^^^^^^^^^^^^^^^^^
  File "/opt/homebrew/Cellar/python@3.12/3.12.6/Frameworks/Python.framework/Versions/3.12/lib/python3.12/importlib/__init__.py", line 90, in import_module
    return _bootstrap._gcd_import(name[level:], package, level)
           ^^^^^^^^^^^^^^^^^^^^^^^^^^^^^^^^^^^^^^^^^^^^^^^^^^^^
  File "<frozen importlib._bootstrap>", line 1387, in _gcd_import
  File "<frozen importlib._bootstrap>", line 1360, in _find_and_load
  File "<frozen importlib._bootstrap>", line 1331, in _find_and_load_unlocked
  File "<frozen importlib._bootstrap>", line 935, in _load_unlocked
  File "<frozen importlib._bootstrap_external>", line 995, in exec_module
  File "<frozen importlib._bootstrap>", line 488, in _call_with_frames_removed
  File "/Users/lionelyu/Documents/New Version/trading-5/src/api/server.py", line 114, in <module>
    from src.api.routers import alpha_lab
  File "/Users/lionelyu/Documents/New Version/trading-5/src/api/routers/alpha_lab.py", line 19, in <module>
    from src.alpha_lab.strategy_generator import generate_strategy, get_tier_info, combine_strategies, get_available_models
ImportError: cannot import name 'get_available_models' from 'src.alpha_lab.strategy_generator' (/Users/lionelyu/Documents/New Version/trading-5/src/alpha_lab/strategy_generator.py)
WARNING:  WatchFiles detected changes in 'src/api/routers/alpha_lab.py'. Reloading...
INFO:     Started server process [53111]
INFO:     Waiting for application startup.
INFO:     Application startup complete.
✓ DuckDB store initialized
✓ Redis WebSocket listener started
  ⚠ Redis listener not available: Error 61 connecting to localhost:6379. Connection refused.
  ⚠ WebSocket push will be disabled (REST polling still works)
INFO:     127.0.0.1:52780 - "GET /api/alpha-lab/audit/models HTTP/1.1" 200 OK
WARNING:  WatchFiles detected changes in 'src/alpha_lab/forensic_auditor.py'. Reloading...
INFO:     Shutting down
INFO:     Waiting for application shutdown.
INFO:     Application shutdown complete.
INFO:     Finished server process [53111]
INFO:     Started server process [53262]
INFO:     Waiting for application startup.
INFO:     Application startup complete.
WARNING:  WatchFiles detected changes in 'src/api/routers/alpha_lab.py'. Reloading...
INFO:     Shutting down
INFO:     Waiting for application shutdown.
INFO:     Application shutdown complete.
INFO:     Finished server process [53262]
INFO:     Started server process [53272]
INFO:     Waiting for application startup.
INFO:     Application startup complete.
✓ DuckDB store initialized
✓ Redis WebSocket listener started
  ⚠ Redis listener not available: Error 61 connecting to localhost:6379. Connection refused.
  ⚠ WebSocket push will be disabled (REST polling still works)
INFO:     127.0.0.1:54756 - "GET /api/strategies/list HTTP/1.1" 200 OK
INFO:     127.0.0.1:54756 - "GET /api/diagnostics/pipeline-coverage HTTP/1.1" 200 OK
INFO:     127.0.0.1:54760 - "GET /api/diagnostics/pipeline-coverage HTTP/1.1" 200 OK
INFO:     127.0.0.1:54760 - "GET /api/strategies/list HTTP/1.1" 200 OK
INFO:     127.0.0.1:54756 - "GET /api/strategies/list HTTP/1.1" 200 OK
INFO:     127.0.0.1:54756 - "GET /api/alpha-lab/experiments HTTP/1.1" 200 OK
INFO:     127.0.0.1:54760 - "GET /api/alpha-lab/audit/models HTTP/1.1" 200 OK
INFO:     127.0.0.1:54873 - "GET /api/alpha-lab/experiments HTTP/1.1" 200 OK
INFO:     127.0.0.1:54756 - "GET /api/alpha-lab/audit/models HTTP/1.1" 200 OK
INFO:     127.0.0.1:54756 - "GET /api/alpha-lab/c32ea324/trades HTTP/1.1" 200 OK
INFO:     127.0.0.1:55206 - "OPTIONS /api/alpha-lab/c32ea324/audit HTTP/1.1" 200 OK
INFO:     127.0.0.1:55206 - "POST /api/alpha-lab/c32ea324/audit HTTP/1.1" 200 OK
INFO:     127.0.0.1:58572 - "POST /api/alpha-lab/c32ea324/audit HTTP/1.1" 200 OK
INFO:     127.0.0.1:60446 - "GET /api/alpha-lab/experiments HTTP/1.1" 200 OK
INFO:     127.0.0.1:60447 - "GET /api/alpha-lab/audit/models HTTP/1.1" 200 OK
INFO:     127.0.0.1:61431 - "GET /api/alpha-lab/c32ea324/trades HTTP/1.1" 200 OK
INFO:     127.0.0.1:63511 - "GET /api/alpha-lab/aligned-profile HTTP/1.1" 200 OK
INFO:     127.0.0.1:63513 - "GET /api/alpha-lab/aligned-profile HTTP/1.1" 200 OK
INFO:     127.0.0.1:63511 - "GET /api/indicators/AAPL?rfr_source=irx HTTP/1.1" 200 OK
INFO:     127.0.0.1:63513 - "GET /api/alpha-lab/experiments HTTP/1.1" 200 OK
INFO:     127.0.0.1:63511 - "GET /api/alpha-lab/experiments HTTP/1.1" 200 OK
INFO:     127.0.0.1:63584 - "GET /api/indicators/AAPL?rfr_source=irx HTTP/1.1" 200 OK
INFO:     127.0.0.1:63584 - "GET /api/alpha-lab/c32ea324 HTTP/1.1" 200 OK
WARNING:  WatchFiles detected changes in '_backup_files/concentrated_value_momentum.py'. Reloading...
INFO:     Shutting down
INFO:     Waiting for application shutdown.
INFO:     Application shutdown complete.
INFO:     Finished server process [53272]
INFO:     Started server process [54505]
INFO:     Waiting for application startup.
INFO:     Application startup complete.
WARNING:  WatchFiles detected changes in '_backup_files/concentrated_value_momentum.py'. Reloading...
INFO:     Shutting down
INFO:     Waiting for application shutdown.
INFO:     Application shutdown complete.
INFO:     Finished server process [54505]
INFO:     Started server process [54524]
INFO:     Waiting for application startup.
INFO:     Application startup complete.
WARNING:  WatchFiles detected changes in '_backup_files/strategy_generator_swarm.py'. Reloading...
INFO:     Shutting down
INFO:     Waiting for application shutdown.
INFO:     Application shutdown complete.
INFO:     Finished server process [54524]
INFO:     Started server process [54544]
INFO:     Waiting for application startup.
INFO:     Application startup complete.
WARNING:  WatchFiles detected changes in 'src/alpha_lab/strategy_generator.py'. Reloading...
INFO:     Shutting down
INFO:     Waiting for application shutdown.
INFO:     Application shutdown complete.
INFO:     Finished server process [54544]
INFO:     Started server process [54560]
INFO:     Waiting for application startup.
INFO:     Application startup complete.
✓ DuckDB store initialized
✓ Redis WebSocket listener started
  ⚠ Redis listener not available: Error 61 connecting to localhost:6379. Connection refused.
  ⚠ WebSocket push will be disabled (REST polling still works)
INFO:     127.0.0.1:52938 - "GET /api/alpha-lab/generate-swarm-stream?prompt=make+me+money&strategy_style=hedge_fund&agent_tiers=%7B%22researcher%22%3A%22opus%22%2C%22risk_manager%22%3A%22sonnet%22%2C%22developer%22%3A%22sonnet%22%7D&agent_notes=%7B%22researcher%22%3A%22%22%2C%22risk_manager%22%3A%22%22%2C%22developer%22%3A%22%22%7D HTTP/1.1" 200 OK
ERROR:    Exception in ASGI application
Traceback (most recent call last):
  File "/opt/homebrew/Cellar/python@3.12/3.12.6/Frameworks/Python.framework/Versions/3.12/lib/python3.12/concurrent/futures/thread.py", line 58, in run
    result = self.fn(*self.args, **self.kwargs)
             ^^^^^^^^^^^^^^^^^^^^^^^^^^^^^^^^^^
StopIteration

The above exception was the direct cause of the following exception:

Traceback (most recent call last):
  File "/Users/lionelyu/Documents/New Version/trading-5/.venv/lib/python3.12/site-packages/uvicorn/protocols/http/httptools_impl.py", line 416, in run_asgi
    result = await app(  # type: ignore[func-returns-value]
             ^^^^^^^^^^^^^^^^^^^^^^^^^^^^^^^^^^^^^^^^^^^^^^
  File "/Users/lionelyu/Documents/New Version/trading-5/.venv/lib/python3.12/site-packages/uvicorn/middleware/proxy_headers.py", line 60, in __call__
    return await self.app(scope, receive, send)
           ^^^^^^^^^^^^^^^^^^^^^^^^^^^^^^^^^^^^
  File "/Users/lionelyu/Documents/New Version/trading-5/.venv/lib/python3.12/site-packages/fastapi/applications.py", line 1159, in __call__
    await super().__call__(scope, receive, send)
  File "/Users/lionelyu/Documents/New Version/trading-5/.venv/lib/python3.12/site-packages/starlette/applications.py", line 90, in __call__
    await self.middleware_stack(scope, receive, send)
  File "/Users/lionelyu/Documents/New Version/trading-5/.venv/lib/python3.12/site-packages/starlette/middleware/errors.py", line 186, in __call__
    raise exc
  File "/Users/lionelyu/Documents/New Version/trading-5/.venv/lib/python3.12/site-packages/starlette/middleware/errors.py", line 164, in __call__
    await self.app(scope, receive, _send)
  File "/Users/lionelyu/Documents/New Version/trading-5/.venv/lib/python3.12/site-packages/starlette/middleware/cors.py", line 96, in __call__
    await self.simple_response(scope, receive, send, request_headers=headers)
  File "/Users/lionelyu/Documents/New Version/trading-5/.venv/lib/python3.12/site-packages/starlette/middleware/cors.py", line 154, in simple_response
    await self.app(scope, receive, send)
  File "/Users/lionelyu/Documents/New Version/trading-5/.venv/lib/python3.12/site-packages/starlette/middleware/exceptions.py", line 63, in __call__
    await wrap_app_handling_exceptions(self.app, conn)(scope, receive, send)
  File "/Users/lionelyu/Documents/New Version/trading-5/.venv/lib/python3.12/site-packages/starlette/_exception_handler.py", line 53, in wrapped_app
    raise exc
  File "/Users/lionelyu/Documents/New Version/trading-5/.venv/lib/python3.12/site-packages/starlette/_exception_handler.py", line 42, in wrapped_app
    await app(scope, receive, sender)
  File "/Users/lionelyu/Documents/New Version/trading-5/.venv/lib/python3.12/site-packages/fastapi/middleware/asyncexitstack.py", line 18, in __call__
    await self.app(scope, receive, send)
  File "/Users/lionelyu/Documents/New Version/trading-5/.venv/lib/python3.12/site-packages/starlette/routing.py", line 660, in __call__
    await self.middleware_stack(scope, receive, send)
  File "/Users/lionelyu/Documents/New Version/trading-5/.venv/lib/python3.12/site-packages/starlette/routing.py", line 680, in app
    await route.handle(scope, receive, send)
  File "/Users/lionelyu/Documents/New Version/trading-5/.venv/lib/python3.12/site-packages/starlette/routing.py", line 276, in handle
    await self.app(scope, receive, send)
  File "/Users/lionelyu/Documents/New Version/trading-5/.venv/lib/python3.12/site-packages/fastapi/routing.py", line 134, in app
    await wrap_app_handling_exceptions(app, request)(scope, receive, send)
  File "/Users/lionelyu/Documents/New Version/trading-5/.venv/lib/python3.12/site-packages/starlette/_exception_handler.py", line 53, in wrapped_app
    raise exc
  File "/Users/lionelyu/Documents/New Version/trading-5/.venv/lib/python3.12/site-packages/starlette/_exception_handler.py", line 42, in wrapped_app
    await app(scope, receive, sender)
  File "/Users/lionelyu/Documents/New Version/trading-5/.venv/lib/python3.12/site-packages/fastapi/routing.py", line 121, in app
    await response(scope, receive, send)
  File "/Users/lionelyu/Documents/New Version/trading-5/.venv/lib/python3.12/site-packages/starlette/responses.py", line 273, in __call__
    with collapse_excgroups():
         ^^^^^^^^^^^^^^^^^^^^
  File "/opt/homebrew/Cellar/python@3.12/3.12.6/Frameworks/Python.framework/Versions/3.12/lib/python3.12/contextlib.py", line 158, in __exit__
    self.gen.throw(value)
  File "/Users/lionelyu/Documents/New Version/trading-5/.venv/lib/python3.12/site-packages/starlette/_utils.py", line 87, in collapse_excgroups
    raise exc
  File "/Users/lionelyu/Documents/New Version/trading-5/.venv/lib/python3.12/site-packages/starlette/responses.py", line 277, in wrap
    await func()
  File "/Users/lionelyu/Documents/New Version/trading-5/.venv/lib/python3.12/site-packages/starlette/responses.py", line 250, in stream_response
    async for chunk in self.body_iterator:
  File "/Users/lionelyu/Documents/New Version/trading-5/src/api/routers/alpha_lab.py", line 208, in _async_stream
    chunk = await loop.run_in_executor(executor, next, gen)
            ^^^^^^^^^^^^^^^^^^^^^^^^^^^^^^^^^^^^^^^^^^^^^^^
RuntimeError: StopIteration interacts badly with generators and cannot be raised into a Future
INFO:     127.0.0.1:55236 - "OPTIONS /api/alpha-lab/generate-swarm-save HTTP/1.1" 200 OK
INFO:     127.0.0.1:55236 - "POST /api/alpha-lab/generate-swarm-save HTTP/1.1" 200 OK
INFO:     127.0.0.1:55236 - "GET /api/alpha-lab/experiments HTTP/1.1" 200 OK
INFO:     127.0.0.1:55236 - "GET /api/alpha-lab/393aa438 HTTP/1.1" 200 OK
WARNING:  WatchFiles detected changes in 'src/alpha_lab/alpha_lab_store.py'. Reloading...
INFO:     Shutting down
INFO:     Waiting for application shutdown.
INFO:     Application shutdown complete.
INFO:     Finished server process [54560]
INFO:     Started server process [57654]
INFO:     Waiting for application startup.
INFO:     Application startup complete.
WARNING:  WatchFiles detected changes in 'src/api/routers/alpha_lab.py'. Reloading...
INFO:     Shutting down
INFO:     Waiting for application shutdown.
INFO:     Application shutdown complete.
INFO:     Finished server process [57654]
INFO:     Started server process [58386]
INFO:     Waiting for application startup.
INFO:     Application startup complete.
✓ DuckDB store initialized
✓ Redis WebSocket listener started
  ⚠ Redis listener not available: Error 61 connecting to localhost:6379. Connection refused.
  ⚠ WebSocket push will be disabled (REST polling still works)
INFO:     127.0.0.1:56567 - "GET /api/alpha-lab/experiments HTTP/1.1" 200 OK
INFO:     127.0.0.1:57194 - "GET /api/alpha-lab/settings/swarm_agent_tiers HTTP/1.1" 500 Internal Server Error
ERROR:    Exception in ASGI application
Traceback (most recent call last):
  File "/Users/lionelyu/Documents/New Version/trading-5/.venv/lib/python3.12/site-packages/uvicorn/protocols/http/httptools_impl.py", line 416, in run_asgi
    result = await app(  # type: ignore[func-returns-value]
             ^^^^^^^^^^^^^^^^^^^^^^^^^^^^^^^^^^^^^^^^^^^^^^
  File "/Users/lionelyu/Documents/New Version/trading-5/.venv/lib/python3.12/site-packages/uvicorn/middleware/proxy_headers.py", line 60, in __call__
    return await self.app(scope, receive, send)
           ^^^^^^^^^^^^^^^^^^^^^^^^^^^^^^^^^^^^
  File "/Users/lionelyu/Documents/New Version/trading-5/.venv/lib/python3.12/site-packages/fastapi/applications.py", line 1159, in __call__
    await super().__call__(scope, receive, send)
  File "/Users/lionelyu/Documents/New Version/trading-5/.venv/lib/python3.12/site-packages/starlette/applications.py", line 90, in __call__
    await self.middleware_stack(scope, receive, send)
  File "/Users/lionelyu/Documents/New Version/trading-5/.venv/lib/python3.12/site-packages/starlette/middleware/errors.py", line 186, in __call__
    raise exc
  File "/Users/lionelyu/Documents/New Version/trading-5/.venv/lib/python3.12/site-packages/starlette/middleware/errors.py", line 164, in __call__
    await self.app(scope, receive, _send)
  File "/Users/lionelyu/Documents/New Version/trading-5/.venv/lib/python3.12/site-packages/starlette/middleware/cors.py", line 96, in __call__
    await self.simple_response(scope, receive, send, request_headers=headers)
  File "/Users/lionelyu/Documents/New Version/trading-5/.venv/lib/python3.12/site-packages/starlette/middleware/cors.py", line 154, in simple_response
    await self.app(scope, receive, send)
  File "/Users/lionelyu/Documents/New Version/trading-5/.venv/lib/python3.12/site-packages/starlette/middleware/exceptions.py", line 63, in __call__
    await wrap_app_handling_exceptions(self.app, conn)(scope, receive, send)
  File "/Users/lionelyu/Documents/New Version/trading-5/.venv/lib/python3.12/site-packages/starlette/_exception_handler.py", line 53, in wrapped_app
    raise exc
  File "/Users/lionelyu/Documents/New Version/trading-5/.venv/lib/python3.12/site-packages/starlette/_exception_handler.py", line 42, in wrapped_app
    await app(scope, receive, sender)
  File "/Users/lionelyu/Documents/New Version/trading-5/.venv/lib/python3.12/site-packages/fastapi/middleware/asyncexitstack.py", line 18, in __call__
    await self.app(scope, receive, send)
  File "/Users/lionelyu/Documents/New Version/trading-5/.venv/lib/python3.12/site-packages/starlette/routing.py", line 660, in __call__
    await self.middleware_stack(scope, receive, send)
  File "/Users/lionelyu/Documents/New Version/trading-5/.venv/lib/python3.12/site-packages/starlette/routing.py", line 680, in app
    await route.handle(scope, receive, send)
  File "/Users/lionelyu/Documents/New Version/trading-5/.venv/lib/python3.12/site-packages/starlette/routing.py", line 276, in handle
    await self.app(scope, receive, send)
  File "/Users/lionelyu/Documents/New Version/trading-5/.venv/lib/python3.12/site-packages/fastapi/routing.py", line 134, in app
    await wrap_app_handling_exceptions(app, request)(scope, receive, send)
  File "/Users/lionelyu/Documents/New Version/trading-5/.venv/lib/python3.12/site-packages/starlette/_exception_handler.py", line 53, in wrapped_app
    raise exc
  File "/Users/lionelyu/Documents/New Version/trading-5/.venv/lib/python3.12/site-packages/starlette/_exception_handler.py", line 42, in wrapped_app
    await app(scope, receive, sender)
  File "/Users/lionelyu/Documents/New Version/trading-5/.venv/lib/python3.12/site-packages/fastapi/routing.py", line 120, in app
    response = await f(request)
               ^^^^^^^^^^^^^^^^
  File "/Users/lionelyu/Documents/New Version/trading-5/.venv/lib/python3.12/site-packages/fastapi/routing.py", line 674, in app
    raw_response = await run_endpoint_function(
                   ^^^^^^^^^^^^^^^^^^^^^^^^^^^^
  File "/Users/lionelyu/Documents/New Version/trading-5/.venv/lib/python3.12/site-packages/fastapi/routing.py", line 328, in run_endpoint_function
    return await dependant.call(**values)
           ^^^^^^^^^^^^^^^^^^^^^^^^^^^^^^
  File "/Users/lionelyu/Documents/New Version/trading-5/src/api/routers/alpha_lab.py", line 258, in get_setting
    val = get_editor_setting(key)
          ^^^^^^^^^^^^^^^^^^^^^^^
  File "/Users/lionelyu/Documents/New Version/trading-5/src/alpha_lab/alpha_lab_store.py", line 313, in get_editor_setting
    resp = sb.table("editor_settings").select("value").eq("key", key).execute()
           ^^^^^^^^^^^^^^^^^^^^^^^^^^^^^^^^^^^^^^^^^^^^^^^^^^^^^^^^^^^^^^^^^^^^
  File "/Users/lionelyu/Documents/New Version/trading-5/.venv/lib/python3.12/site-packages/postgrest/_sync/request_builder.py", line 53, in execute
    raise APIError(dict(json_obj))
postgrest.exceptions.APIError: {'message': "Could not find the table 'public.editor_settings' in the schema cache", 'code': 'PGRST205', 'hint': "Perhaps you meant the table 'public.trader_constraints'", 'details': None}
INFO:     127.0.0.1:57195 - "GET /api/alpha-lab/settings/swarm_agent_notes HTTP/1.1" 500 Internal Server Error
ERROR:    Exception in ASGI application
Traceback (most recent call last):
  File "/Users/lionelyu/Documents/New Version/trading-5/.venv/lib/python3.12/site-packages/uvicorn/protocols/http/httptools_impl.py", line 416, in run_asgi
    result = await app(  # type: ignore[func-returns-value]
             ^^^^^^^^^^^^^^^^^^^^^^^^^^^^^^^^^^^^^^^^^^^^^^
  File "/Users/lionelyu/Documents/New Version/trading-5/.venv/lib/python3.12/site-packages/uvicorn/middleware/proxy_headers.py", line 60, in __call__
    return await self.app(scope, receive, send)
           ^^^^^^^^^^^^^^^^^^^^^^^^^^^^^^^^^^^^
  File "/Users/lionelyu/Documents/New Version/trading-5/.venv/lib/python3.12/site-packages/fastapi/applications.py", line 1159, in __call__
    await super().__call__(scope, receive, send)
  File "/Users/lionelyu/Documents/New Version/trading-5/.venv/lib/python3.12/site-packages/starlette/applications.py", line 90, in __call__
    await self.middleware_stack(scope, receive, send)
  File "/Users/lionelyu/Documents/New Version/trading-5/.venv/lib/python3.12/site-packages/starlette/middleware/errors.py", line 186, in __call__
    raise exc
  File "/Users/lionelyu/Documents/New Version/trading-5/.venv/lib/python3.12/site-packages/starlette/middleware/errors.py", line 164, in __call__
    await self.app(scope, receive, _send)
  File "/Users/lionelyu/Documents/New Version/trading-5/.venv/lib/python3.12/site-packages/starlette/middleware/cors.py", line 96, in __call__
    await self.simple_response(scope, receive, send, request_headers=headers)
  File "/Users/lionelyu/Documents/New Version/trading-5/.venv/lib/python3.12/site-packages/starlette/middleware/cors.py", line 154, in simple_response
    await self.app(scope, receive, send)
  File "/Users/lionelyu/Documents/New Version/trading-5/.venv/lib/python3.12/site-packages/starlette/middleware/exceptions.py", line 63, in __call__
    await wrap_app_handling_exceptions(self.app, conn)(scope, receive, send)
  File "/Users/lionelyu/Documents/New Version/trading-5/.venv/lib/python3.12/site-packages/starlette/_exception_handler.py", line 53, in wrapped_app
    raise exc
  File "/Users/lionelyu/Documents/New Version/trading-5/.venv/lib/python3.12/site-packages/starlette/_exception_handler.py", line 42, in wrapped_app
    await app(scope, receive, sender)
  File "/Users/lionelyu/Documents/New Version/trading-5/.venv/lib/python3.12/site-packages/fastapi/middleware/asyncexitstack.py", line 18, in __call__
    await self.app(scope, receive, send)
  File "/Users/lionelyu/Documents/New Version/trading-5/.venv/lib/python3.12/site-packages/starlette/routing.py", line 660, in __call__
    await self.middleware_stack(scope, receive, send)
  File "/Users/lionelyu/Documents/New Version/trading-5/.venv/lib/python3.12/site-packages/starlette/routing.py", line 680, in app
    await route.handle(scope, receive, send)
  File "/Users/lionelyu/Documents/New Version/trading-5/.venv/lib/python3.12/site-packages/starlette/routing.py", line 276, in handle
    await self.app(scope, receive, send)
  File "/Users/lionelyu/Documents/New Version/trading-5/.venv/lib/python3.12/site-packages/fastapi/routing.py", line 134, in app
    await wrap_app_handling_exceptions(app, request)(scope, receive, send)
  File "/Users/lionelyu/Documents/New Version/trading-5/.venv/lib/python3.12/site-packages/starlette/_exception_handler.py", line 53, in wrapped_app
    raise exc
  File "/Users/lionelyu/Documents/New Version/trading-5/.venv/lib/python3.12/site-packages/starlette/_exception_handler.py", line 42, in wrapped_app
    await app(scope, receive, sender)
  File "/Users/lionelyu/Documents/New Version/trading-5/.venv/lib/python3.12/site-packages/fastapi/routing.py", line 120, in app
    response = await f(request)
               ^^^^^^^^^^^^^^^^
  File "/Users/lionelyu/Documents/New Version/trading-5/.venv/lib/python3.12/site-packages/fastapi/routing.py", line 674, in app
    raw_response = await run_endpoint_function(
                   ^^^^^^^^^^^^^^^^^^^^^^^^^^^^
  File "/Users/lionelyu/Documents/New Version/trading-5/.venv/lib/python3.12/site-packages/fastapi/routing.py", line 328, in run_endpoint_function
    return await dependant.call(**values)
           ^^^^^^^^^^^^^^^^^^^^^^^^^^^^^^
  File "/Users/lionelyu/Documents/New Version/trading-5/src/api/routers/alpha_lab.py", line 258, in get_setting
    val = get_editor_setting(key)
          ^^^^^^^^^^^^^^^^^^^^^^^
  File "/Users/lionelyu/Documents/New Version/trading-5/src/alpha_lab/alpha_lab_store.py", line 313, in get_editor_setting
    resp = sb.table("editor_settings").select("value").eq("key", key).execute()
           ^^^^^^^^^^^^^^^^^^^^^^^^^^^^^^^^^^^^^^^^^^^^^^^^^^^^^^^^^^^^^^^^^^^^
  File "/Users/lionelyu/Documents/New Version/trading-5/.venv/lib/python3.12/site-packages/postgrest/_sync/request_builder.py", line 53, in execute
    raise APIError(dict(json_obj))
postgrest.exceptions.APIError: {'message': "Could not find the table 'public.editor_settings' in the schema cache", 'code': 'PGRST205', 'hint': "Perhaps you meant the table 'public.trader_constraints'", 'details': None}
INFO:     127.0.0.1:57196 - "GET /api/alpha-lab/experiments HTTP/1.1" 200 OK
